#
# A fatal error has been detected by the Java Runtime Environment:
#
#  SIGSEGV (0xb) at pc=0x00007f182af26e30, pid=13757, tid=139741551073024
#
# JRE version: OpenJDK Runtime Environment (7.0_55-b14) (build 1.7.0_55-b14)
# Java VM: OpenJDK 64-Bit Server VM (24.51-b03 mixed mode linux-amd64 compressed oops)
# Problematic frame:
# V  [libjvm.so+0x5b4e30]  java_lang_String::utf8_length(oopDesc*)+0x70
#
# Failed to write core dump. Core dumps have been disabled. To enable core dumping, try "ulimit -c unlimited" before starting Java again
#
# If you would like to submit a bug report, please include
# instructions on how to reproduce the bug and visit:
#   http://icedtea.classpath.org/bugzilla
#

---------------  T H R E A D  ---------------

Current thread (0x00007f18240a9000):  JavaThread "JDWP Transport Listener: dt_socket" daemon [_thread_in_vm, id=13773, stack(0x00007f181d731000,0x00007f181d832000)]

siginfo:si_signo=SIGSEGV: si_errno=0, si_code=1 (SEGV_MAPERR), si_addr=0x000000000000000c

Registers:
RAX=0x0000000000000000, RBX=0x00000000eba5c618, RCX=0x00007f182bb442c0, RDX=0x0000000000000000
RSP=0x00007f181d830860, RBP=0x00007f181d830870, RSI=0x000000000000000c, RDI=0x00000000eba5c618
R8 =0x0000000000000008, R9 =0x0101010101010101, R10=0x000000000000000b, R11=0x00007f182bdd8d4a
R12=0x0000000000000000, R13=0x00007f1829b1cec0, R14=0x0000000000000000, R15=0x0000000000000001
RIP=0x00007f182af26e30, EFLAGS=0x0000000000010246, CSGSFS=0x0000000000000033, ERR=0x0000000000000004
  TRAPNO=0x000000000000000e

Top of Stack: (sp=0x00007f181d830860)
0x00007f181d830860:   00007f1804005698 00000000eba5c618
0x00007f181d830870:   00007f181d8308f0 00007f182af352ea
0x00007f181d830880:   00007f18240a9000 0000000000000000
0x00007f181d830890:   00007f18240a91d8 00007f1829b1cec0
0x00007f181d8308a0:   00007f18240a9000 00007f1829908502
0x00007f181d8308b0:   00007f18240a9000 00007f18240a9000
0x00007f181d8308c0:   00007f181d8308f0 00007f18240a91d8
0x00007f181d8308d0:   00007f1804005698 00007f1829b1cec0
0x00007f181d8308e0:   00007f181d8309b0 0000000000000001
0x00007f181d8308f0:   00007f181d830930 00007f18298ea1f2
0x00007f181d830900:   0000000000000001 000000000000000a
0x00007f181d830910:   0000000000000001 0000000000000000
0x00007f181d830920:   000000000000000a 0000000000000001
0x00007f181d830930:   00007f181d830b70 00007f18298f2a40
0x00007f181d830940:   0000132400000013 00007f1804010a00
0x00007f181d830950:   00007f17fc000c70 00007f18299073d1
0x00007f181d830960:   00007f17fc000c78 000000000000000b
0x00007f181d830970:   0000132400000013 00007f1804010a00
0x00007f181d830980:   00007f17fc000c70 00007f1804003dc0
0x00007f181d830990:   0000132400000013 00007f1804010a00
0x00007f181d8309a0:   00007f17fc000c70 00007f18240a9f50
0x00007f181d8309b0:   00007f181d830a00 000000000000012c
0x00007f181d8309c0:   00007f181d8309c8 00007f1800000000
0x00007f181d8309d0:   00007f181d830a00 0000000000000000
0x00007f181d8309e0:   0000000000000000 0000132400000013
0x00007f181d8309f0:   00007f1800000a80 00007f181d830a00
0x00007f181d830a00:   6e69616d04000000 0000000000000000
0x00007f181d830a10:   7369687404000000 76616a4c12000000
0x00007f181d830a20:   532f676e616c2f61 00003b676e697274
0x00007f181d830a30:   0000430000000000 0000000000000000
0x00007f181d830a40:   6176050000000000 5b0200000065756c
0x00007f181d830a50:   0000000000000043 0000000100000043 

Instructions: (pc=0x00007f182af26e30)
0x00007f182af26e10:   8d 3c 60 89 de 5b 41 5c 5d e9 02 f5 31 00 66 90
0x00007f182af26e20:   48 8b 15 71 82 79 00 80 3a 01 48 19 d2 83 e2 04
0x00007f182af26e30:   8b 5c 10 0c eb c3 66 2e 0f 1f 84 00 00 00 00 00
0x00007f182af26e40:   55 8b 35 d9 b7 7c 00 48 89 e5 41 54 45 31 e4 53 

Register to memory mapping:

RAX=0x0000000000000000 is an unknown value
RBX=0x00000000eba5c618 is an oop
java.lang.String 
 - klass: 'java/lang/String'
RCX=0x00007f182bb442c0: <offset 0x2182c0> in /lib/x86_64-linux-gnu/libpthread.so.0 at 0x00007f182b92c000
RDX=0x0000000000000000 is an unknown value
RSP=0x00007f181d830860 is pointing into the stack for thread: 0x00007f18240a9000
RBP=0x00007f181d830870 is pointing into the stack for thread: 0x00007f18240a9000
RSI=0x000000000000000c is an unknown value
RDI=0x00000000eba5c618 is an oop
java.lang.String 
 - klass: 'java/lang/String'
R8 =0x0000000000000008 is an unknown value
R9 =0x0101010101010101 is an unknown value
R10=0x000000000000000b is an unknown value
R11=0x00007f182bdd8d4a: <offset 0x8bd4a> in /lib/x86_64-linux-gnu/libc.so.6 at 0x00007f182bd4d000
R12=0x0000000000000000 is an unknown value
R13=0x00007f1829b1cec0: <offset 0x23bec0> in /usr/lib/jvm/java-7-openjdk-amd64/jre/lib/amd64/libjdwp.so at 0x00007f18298e1000
R14=0x0000000000000000 is an unknown value
R15=0x0000000000000001 is an unknown value


Stack: [0x00007f181d731000,0x00007f181d832000],  sp=0x00007f181d830860,  free space=1022k
Native frames: (J=compiled Java code, j=interpreted, Vv=VM code, C=native code)
V  [libjvm.so+0x5b4e30]  java_lang_String::utf8_length(oopDesc*)+0x70
V  [libjvm.so+0x5c32ea]  jni_GetStringUTFChars+0x8a
C  [libjdwp.so+0x91f2]  __strcat_chk+0x91f2
C  [libjdwp.so+0x11a40]  Agent_OnLoad+0x29d0
C  [libjdwp.so+0x23c5e]  Agent_OnLoad+0x14bee
V  [libjvm.so+0x66db27]  JvmtiAgentThread::start_function_wrapper(JavaThread*, Thread*)+0x97
V  [libjvm.so+0x8b2938]  JavaThread::thread_main_inner()+0xd8
V  [libjvm.so+0x8b2b26]  JavaThread::run()+0x1d6
V  [libjvm.so+0x77ce12]  java_start(Thread*)+0x132


---------------  P R O C E S S  ---------------

Java Threads: ( => current thread )
  0x00007f1824105000 JavaThread "ReaderThread" [_thread_in_native, id=13784, stack(0x00007f17e7aba000,0x00007f17e7bbb000)]
  0x00007f18240b4000 JavaThread "Service Thread" daemon [_thread_blocked, id=13781, stack(0x00007f181d22c000,0x00007f181d32d000)]
  0x00007f18240b1800 JavaThread "C2 CompilerThread1" daemon [_thread_blocked, id=13780, stack(0x00007f181d32d000,0x00007f181d42e000)]
  0x00007f18240af000 JavaThread "C2 CompilerThread0" daemon [_thread_blocked, id=13779, stack(0x00007f181d42e000,0x00007f181d52f000)]
  0x00007f1804001000 JavaThread "JDWP Command Reader" daemon [_thread_in_native, id=13777, stack(0x00007f181d52f000,0x00007f181d630000)]
  0x00007f18240ac800 JavaThread "JDWP Event Helper Thread" daemon [_thread_blocked, id=13776, stack(0x00007f181d630000,0x00007f181d731000)]
=>0x00007f18240a9000 JavaThread "JDWP Transport Listener: dt_socket" daemon [_thread_in_vm, id=13773, stack(0x00007f181d731000,0x00007f181d832000)]
  0x00007f182409c000 JavaThread "Signal Dispatcher" daemon [_thread_blocked, id=13771, stack(0x00007f181da37000,0x00007f181db38000)]
  0x00007f182407a000 JavaThread "Finalizer" daemon [_thread_blocked, id=13769, stack(0x00007f181db38000,0x00007f181dc39000)]
  0x00007f1824078000 JavaThread "Reference Handler" daemon [_thread_blocked, id=13768, stack(0x00007f181dc39000,0x00007f181dd3a000)]
  0x00007f182400c800 JavaThread "main" [_thread_blocked, id=13760, stack(0x00007f182c423000,0x00007f182c524000)]

Other Threads:
  0x00007f1824073800 VMThread [stack: 0x00007f181dd3a000,0x00007f181de3b000] [id=13767]
  0x00007f18240be800 WatcherThread [stack: 0x00007f181d12b000,0x00007f181d22c000] [id=13782]

VM state:not at safepoint (normal execution)

VM Mutex/Monitor currently owned by a thread: None

Heap
 PSYoungGen      total 18944K, used 4595K [0x00000000eb600000, 0x00000000ecb00000, 0x0000000100000000)
  eden space 16384K, 28% used [0x00000000eb600000,0x00000000eba7cfb8,0x00000000ec600000)
  from space 2560K, 0% used [0x00000000ec880000,0x00000000ec880000,0x00000000ecb00000)
  to   space 2560K, 0% used [0x00000000ec600000,0x00000000ec600000,0x00000000ec880000)
 ParOldGen       total 41984K, used 0K [0x00000000c2200000, 0x00000000c4b00000, 0x00000000eb600000)
  object space 41984K, 0% used [0x00000000c2200000,0x00000000c2200000,0x00000000c4b00000)
 PSPermGen       total 21504K, used 5588K [0x00000000b7c00000, 0x00000000b9100000, 0x00000000c2200000)
  object space 21504K, 25% used [0x00000000b7c00000,0x00000000b8175268,0x00000000b9100000)

Card table byte_map: [0x00007f1828527000,0x00007f182876a000] byte_map_base: 0x00007f1827f69000

Polling page: 0x00007f182c53a000

Code Cache  [0x00007f1821000000, 0x00007f1821270000, 0x00007f1824000000)
 total_blobs=244 nmethods=23 adapters=184 free_code_cache=48697Kb largest_free_block=49841984

Compilation events (10 events):
Event: 0.730 Thread 0x00007f18240af000 nmethod 19 0x00007f182106bdd0 code [0x00007f182106bf00, 0x00007f182106bfb8]
Event: 0.732 Thread 0x00007f18240b1800 nmethod 18 0x00007f182106ab50 code [0x00007f182106aca0, 0x00007f182106adf8]
Event: 0.732 Thread 0x00007f18240af000   20             java.lang.String::replace (127 bytes)
Event: 0.743 Thread 0x00007f18240b1800   21             java.lang.String::startsWith (72 bytes)
Event: 0.748 Thread 0x00007f18240b1800 nmethod 21 0x00007f182106a5d0 code [0x00007f182106a720, 0x00007f182106a9b8]
Event: 0.755 Thread 0x00007f18240af000 nmethod 20 0x00007f1821069d90 code [0x00007f1821069f00, 0x00007f182106a3f8]
Event: 0.793 Thread 0x00007f18240b1800   22             sun.net.www.ParseUtil::encodePath (336 bytes)
Event: 0.824 Thread 0x00007f18240af000   23             java.lang.Math::min (11 bytes)
Event: 0.825 Thread 0x00007f18240af000 nmethod 23 0x00007f1821068e50 code [0x00007f1821068f80, 0x00007f1821068fb8]
Event: 0.848 Thread 0x00007f18240b1800 nmethod 22 0x00007f1821075810 code [0x00007f1821075a80, 0x00007f1821076d78]

GC Heap History (0 events):
No events

Deoptimization events (0 events):
No events

Internal exceptions (10 events):
Event: 0.817 Thread 0x00007f182400c800 Threw 0x00000000eba346d0 at /build/buildd/openjdk-7-7u55-2.4.7/build/openjdk/hotspot/src/share/vm/prims/jvm.cpp:1244
Event: 0.819 Thread 0x00007f182400c800 Threw 0x00000000eba3a970 at /build/buildd/openjdk-7-7u55-2.4.7/build/openjdk/hotspot/src/share/vm/prims/jvm.cpp:1244
Event: 0.820 Thread 0x00007f182400c800 Threw 0x00000000eba3d7f0 at /build/buildd/openjdk-7-7u55-2.4.7/build/openjdk/hotspot/src/share/vm/prims/jvm.cpp:1244
Event: 0.821 Thread 0x00007f182400c800 Threw 0x00000000eba41b50 at /build/buildd/openjdk-7-7u55-2.4.7/build/openjdk/hotspot/src/share/vm/prims/jvm.cpp:1244
Event: 0.822 Thread 0x00007f182400c800 Threw 0x00000000eba45790 at /build/buildd/openjdk-7-7u55-2.4.7/build/openjdk/hotspot/src/share/vm/prims/jvm.cpp:1244
Event: 0.824 Thread 0x00007f182400c800 Threw 0x00000000eba49498 at /build/buildd/openjdk-7-7u55-2.4.7/build/openjdk/hotspot/src/share/vm/prims/jvm.cpp:1244
Event: 0.825 Thread 0x00007f182400c800 Threw 0x00000000eba4c5b0 at /build/buildd/openjdk-7-7u55-2.4.7/build/openjdk/hotspot/src/share/vm/prims/jvm.cpp:1244
Event: 0.827 Thread 0x00007f182400c800 Threw 0x00000000eba50958 at /build/buildd/openjdk-7-7u55-2.4.7/build/openjdk/hotspot/src/share/vm/prims/jvm.cpp:1244
Event: 0.828 Thread 0x00007f182400c800 Threw 0x00000000eba54880 at /build/buildd/openjdk-7-7u55-2.4.7/build/openjdk/hotspot/src/share/vm/prims/jvm.cpp:1244
Event: 0.830 Thread 0x00007f182400c800 Threw 0x00000000eba57718 at /build/buildd/openjdk-7-7u55-2.4.7/build/openjdk/hotspot/src/share/vm/prims/jvm.cpp:1244

Events (10 events):
Event: 35.184 Executing VM operation: GetCurrentLocation
Event: 35.184 Executing VM operation: GetCurrentLocation done
Event: 35.184 Executing VM operation: ChangeSingleStep
Event: 35.184 Executing VM operation: ChangeSingleStep done
Event: 35.186 Executing VM operation: ChangeSingleStep
Event: 35.186 Executing VM operation: ChangeSingleStep done
Event: 35.217 Executing VM operation: GetOrSetLocal
Event: 35.217 Executing VM operation: GetOrSetLocal done
Event: 35.239 Executing VM operation: GetOrSetLocal
Event: 35.239 Executing VM operation: GetOrSetLocal done


Dynamic libraries:
00400000-00401000 r-xp 00000000 08:03 1455575                            /usr/lib/jvm/java-7-openjdk-amd64/jre/bin/java
00600000-00601000 r--p 00000000 08:03 1455575                            /usr/lib/jvm/java-7-openjdk-amd64/jre/bin/java
00601000-00602000 rw-p 00001000 08:03 1455575                            /usr/lib/jvm/java-7-openjdk-amd64/jre/bin/java
01e98000-01eb9000 rw-p 00000000 00:00 0                                  [heap]
b7c00000-b9100000 rw-p 00000000 00:00 0 
b9100000-c2200000 rw-p 00000000 00:00 0 
c2200000-c4b00000 rw-p 00000000 00:00 0 
c4b00000-eb600000 rw-p 00000000 00:00 0 
eb600000-ecb00000 rw-p 00000000 00:00 0 
ecb00000-100000000 rw-p 00000000 00:00 0 
7f17e0000000-7f17e0021000 rw-p 00000000 00:00 0 
7f17e0021000-7f17e4000000 ---p 00000000 00:00 0 
7f17e787e000-7f17e7aba000 rw-p 00000000 00:00 0 
7f17e7aba000-7f17e7abd000 ---p 00000000 00:00 0 
7f17e7abd000-7f17e7bbb000 rw-p 00000000 00:00 0 
7f17e7bbb000-7f17e7bf7000 r-xp 00000000 08:03 1445711                    /lib/x86_64-linux-gnu/libpcre.so.3.12.1
7f17e7bf7000-7f17e7df6000 ---p 0003c000 08:03 1445711                    /lib/x86_64-linux-gnu/libpcre.so.3.12.1
7f17e7df6000-7f17e7df7000 r--p 0003b000 08:03 1445711                    /lib/x86_64-linux-gnu/libpcre.so.3.12.1
7f17e7df7000-7f17e7df8000 rw-p 0003c000 08:03 1445711                    /lib/x86_64-linux-gnu/libpcre.so.3.12.1
7f17e7df8000-7f17e7dff000 r-xp 00000000 08:03 1319091                    /usr/lib/x86_64-linux-gnu/libffi.so.6.0.0
7f17e7dff000-7f17e7ffe000 ---p 00007000 08:03 1319091                    /usr/lib/x86_64-linux-gnu/libffi.so.6.0.0
7f17e7ffe000-7f17e7fff000 r--p 00006000 08:03 1319091                    /usr/lib/x86_64-linux-gnu/libffi.so.6.0.0
7f17e7fff000-7f17e8000000 rw-p 00007000 08:03 1319091                    /usr/lib/x86_64-linux-gnu/libffi.so.6.0.0
7f17e8000000-7f17e8021000 rw-p 00000000 00:00 0 
7f17e8021000-7f17ec000000 ---p 00000000 00:00 0 
7f17ec000000-7f17ec021000 rw-p 00000000 00:00 0 
7f17ec021000-7f17f0000000 ---p 00000000 00:00 0 
7f17f0000000-7f17f0336000 rw-p 00000000 00:00 0 
7f17f0336000-7f17f4000000 ---p 00000000 00:00 0 
7f17f4000000-7f17f41fc000 rw-p 00000000 00:00 0 
7f17f41fc000-7f17f8000000 ---p 00000000 00:00 0 
7f17f8000000-7f17f8021000 rw-p 00000000 00:00 0 
7f17f8021000-7f17fc000000 ---p 00000000 00:00 0 
7f17fc000000-7f17fc021000 rw-p 00000000 00:00 0 
7f17fc021000-7f1800000000 ---p 00000000 00:00 0 
7f1800000000-7f1800021000 rw-p 00000000 00:00 0 
7f1800021000-7f1804000000 ---p 00000000 00:00 0 
7f1804000000-7f1804021000 rw-p 00000000 00:00 0 
7f1804021000-7f1808000000 ---p 00000000 00:00 0 
7f1808000000-7f1808021000 rw-p 00000000 00:00 0 
7f1808021000-7f180c000000 ---p 00000000 00:00 0 
7f180c000000-7f180c021000 rw-p 00000000 00:00 0 
7f180c021000-7f1810000000 ---p 00000000 00:00 0 
7f1810000000-7f1810021000 rw-p 00000000 00:00 0 
7f1810021000-7f1814000000 ---p 00000000 00:00 0 
7f1814000000-7f1814021000 rw-p 00000000 00:00 0 
7f1814021000-7f1818000000 ---p 00000000 00:00 0 
7f1818000000-7f1818021000 rw-p 00000000 00:00 0 
7f1818021000-7f181c000000 ---p 00000000 00:00 0 
7f181c041000-7f181c059000 r-xp 00000000 08:03 1450635                    /lib/x86_64-linux-gnu/libresolv-2.15.so
7f181c059000-7f181c259000 ---p 00018000 08:03 1450635                    /lib/x86_64-linux-gnu/libresolv-2.15.so
7f181c259000-7f181c25a000 r--p 00018000 08:03 1450635                    /lib/x86_64-linux-gnu/libresolv-2.15.so
7f181c25a000-7f181c25b000 rw-p 00019000 08:03 1450635                    /lib/x86_64-linux-gnu/libresolv-2.15.so
7f181c25b000-7f181c25d000 rw-p 00000000 00:00 0 
7f181c25d000-7f181c27a000 r-xp 00000000 08:03 1445726                    /lib/x86_64-linux-gnu/libselinux.so.1
7f181c27a000-7f181c479000 ---p 0001d000 08:03 1445726                    /lib/x86_64-linux-gnu/libselinux.so.1
7f181c479000-7f181c47a000 r--p 0001c000 08:03 1445726                    /lib/x86_64-linux-gnu/libselinux.so.1
7f181c47a000-7f181c47b000 rw-p 0001d000 08:03 1445726                    /lib/x86_64-linux-gnu/libselinux.so.1
7f181c47b000-7f181c47c000 rw-p 00000000 00:00 0 
7f181c47c000-7f181c47f000 r-xp 00000000 08:03 1311056                    /usr/lib/x86_64-linux-gnu/libgmodule-2.0.so.0.3200.4
7f181c47f000-7f181c67e000 ---p 00003000 08:03 1311056                    /usr/lib/x86_64-linux-gnu/libgmodule-2.0.so.0.3200.4
7f181c67e000-7f181c67f000 r--p 00002000 08:03 1311056                    /usr/lib/x86_64-linux-gnu/libgmodule-2.0.so.0.3200.4
7f181c67f000-7f181c680000 rw-p 00003000 08:03 1311056                    /usr/lib/x86_64-linux-gnu/libgmodule-2.0.so.0.3200.4
7f181c680000-7f181c772000 r-xp 00000000 08:03 1450699                    /lib/x86_64-linux-gnu/libglib-2.0.so.0.3200.4
7f181c772000-7f181c972000 ---p 000f2000 08:03 1450699                    /lib/x86_64-linux-gnu/libglib-2.0.so.0.3200.4
7f181c972000-7f181c973000 r--p 000f2000 08:03 1450699                    /lib/x86_64-linux-gnu/libglib-2.0.so.0.3200.4
7f181c973000-7f181c974000 rw-p 000f3000 08:03 1450699                    /lib/x86_64-linux-gnu/libglib-2.0.so.0.3200.4
7f181c974000-7f181c975000 rw-p 00000000 00:00 0 
7f181c975000-7f181c9c2000 r-xp 00000000 08:03 1311080                    /usr/lib/x86_64-linux-gnu/libgobject-2.0.so.0.3200.4
7f181c9c2000-7f181cbc2000 ---p 0004d000 08:03 1311080                    /usr/lib/x86_64-linux-gnu/libgobject-2.0.so.0.3200.4
7f181cbc2000-7f181cbc3000 r--p 0004d000 08:03 1311080                    /usr/lib/x86_64-linux-gnu/libgobject-2.0.so.0.3200.4
7f181cbc3000-7f181cbc4000 rw-p 0004e000 08:03 1311080                    /usr/lib/x86_64-linux-gnu/libgobject-2.0.so.0.3200.4
7f181cbc4000-7f181cd0c000 r-xp 00000000 08:03 1311079                    /usr/lib/x86_64-linux-gnu/libgio-2.0.so.0.3200.4
7f181cd0c000-7f181cf0b000 ---p 00148000 08:03 1311079                    /usr/lib/x86_64-linux-gnu/libgio-2.0.so.0.3200.4
7f181cf0b000-7f181cf0f000 r--p 00147000 08:03 1311079                    /usr/lib/x86_64-linux-gnu/libgio-2.0.so.0.3200.4
7f181cf0f000-7f181cf11000 rw-p 0014b000 08:03 1311079                    /usr/lib/x86_64-linux-gnu/libgio-2.0.so.0.3200.4
7f181cf11000-7f181cf13000 rw-p 00000000 00:00 0 
7f181cf13000-7f181cf29000 r-xp 00000000 08:03 1455636                    /usr/lib/jvm/java-7-openjdk-amd64/jre/lib/amd64/libnet.so
7f181cf29000-7f181d129000 ---p 00016000 08:03 1455636                    /usr/lib/jvm/java-7-openjdk-amd64/jre/lib/amd64/libnet.so
7f181d129000-7f181d12a000 r--p 00016000 08:03 1455636                    /usr/lib/jvm/java-7-openjdk-amd64/jre/lib/amd64/libnet.so
7f181d12a000-7f181d12b000 rw-p 00017000 08:03 1455636                    /usr/lib/jvm/java-7-openjdk-amd64/jre/lib/amd64/libnet.so
7f181d12b000-7f181d12c000 ---p 00000000 00:00 0 
7f181d12c000-7f181d22c000 rw-p 00000000 00:00 0 
7f181d22c000-7f181d22f000 ---p 00000000 00:00 0 
7f181d22f000-7f181d32d000 rw-p 00000000 00:00 0 
7f181d32d000-7f181d330000 ---p 00000000 00:00 0 
7f181d330000-7f181d42e000 rw-p 00000000 00:00 0 
7f181d42e000-7f181d431000 ---p 00000000 00:00 0 
7f181d431000-7f181d52f000 rw-p 00000000 00:00 0 
7f181d52f000-7f181d532000 ---p 00000000 00:00 0 
7f181d532000-7f181d630000 rw-p 00000000 00:00 0 
7f181d630000-7f181d633000 ---p 00000000 00:00 0 
7f181d633000-7f181d731000 rw-p 00000000 00:00 0 
7f181d731000-7f181d734000 ---p 00000000 00:00 0 
7f181d734000-7f181d832000 rw-p 00000000 00:00 0 
7f181d832000-7f181d836000 r-xp 00000000 08:03 1455632                    /usr/lib/jvm/java-7-openjdk-amd64/jre/lib/amd64/libdt_socket.so
7f181d836000-7f181da35000 ---p 00004000 08:03 1455632                    /usr/lib/jvm/java-7-openjdk-amd64/jre/lib/amd64/libdt_socket.so
7f181da35000-7f181da36000 r--p 00003000 08:03 1455632                    /usr/lib/jvm/java-7-openjdk-amd64/jre/lib/amd64/libdt_socket.so
7f181da36000-7f181da37000 rw-p 00004000 08:03 1455632                    /usr/lib/jvm/java-7-openjdk-amd64/jre/lib/amd64/libdt_socket.so
7f181da37000-7f181da3a000 ---p 00000000 00:00 0 
7f181da3a000-7f181db38000 rw-p 00000000 00:00 0 
7f181db38000-7f181db3b000 ---p 00000000 00:00 0 
7f181db3b000-7f181dc39000 rw-p 00000000 00:00 0 
7f181dc39000-7f181dc3c000 ---p 00000000 00:00 0 
7f181dc3c000-7f181dd3a000 rw-p 00000000 00:00 0 
7f181dd3a000-7f181dd3b000 ---p 00000000 00:00 0 
7f181dd3b000-7f181e7f0000 rw-p 00000000 00:00 0 
7f181e7f0000-7f181e99e000 r--s 01cfc000 08:03 1455583                    /usr/lib/jvm/java-7-openjdk-amd64/jre/lib/rt.jar
7f181e99e000-7f1821000000 rw-p 00000000 00:00 0 
7f1821000000-7f1821270000 rwxp 00000000 00:00 0 
7f1821270000-7f18241c8000 rw-p 00000000 00:00 0 
7f18241c8000-7f1828000000 ---p 00000000 00:00 0 
7f182803d000-7f182806e000 rw-p 00000000 00:00 0 
7f1828077000-7f1828078000 rw-p 00000000 00:00 0 
7f1828078000-7f182807b000 r--s 00017000 08:03 1455585                    /usr/lib/jvm/java-7-openjdk-amd64/jre/lib/jce.jar
7f182807b000-7f1828080000 r--s 0004c000 08:03 1455605                    /usr/lib/jvm/java-7-openjdk-amd64/jre/lib/jsse.jar
7f1828080000-7f1828084000 r--s 0002a000 08:03 1333943                    /home/svetla/Code/CoreJava/DebuggingFun/libs/commons-io-2.4.jar
7f1828084000-7f1828086000 r--s 0000c000 08:03 1331483                    /home/svetla/Downloads/eclipse/plugins/org.hamcrest.core_1.3.0.v201303031735.jar
7f1828086000-7f182808c000 r--s 00036000 08:03 1456629                    /home/svetla/Downloads/eclipse/plugins/org.junit_4.11.0.v201303080030/junit.jar
7f182808c000-7f182808d000 r--s 00007000 08:03 1592837                    /usr/share/java/java-atk-wrapper.jar
7f182808d000-7f182808f000 r--s 00012000 08:03 1455588                    /usr/lib/jvm/java-7-openjdk-amd64/jre/lib/ext/zipfs.jar
7f182808f000-7f1828188000 rw-p 00000000 00:00 0 
7f1828188000-7f1828189000 ---p 00000000 00:00 0 
7f1828189000-7f1828289000 rw-p 00000000 00:00 0 
7f1828289000-7f182828a000 ---p 00000000 00:00 0 
7f182828a000-7f1828395000 rw-p 00000000 00:00 0 
7f1828395000-7f18283dd000 rw-p 00000000 00:00 0 
7f18283dd000-7f18283f2000 rw-p 00000000 00:00 0 
7f18283f2000-7f1828527000 rw-p 00000000 00:00 0 
7f1828527000-7f1828532000 rw-p 00000000 00:00 0 
7f1828532000-7f182857a000 rw-p 00000000 00:00 0 
7f182857a000-7f182858f000 rw-p 00000000 00:00 0 
7f182858f000-7f18286c4000 rw-p 00000000 00:00 0 
7f18286c4000-7f18286cf000 rw-p 00000000 00:00 0 
7f18286cf000-7f1828769000 rw-p 00000000 00:00 0 
7f1828769000-7f182876a000 rw-p 00000000 00:00 0 
7f182876a000-7f1828772000 r-xp 00000000 08:03 1455631                    /usr/lib/jvm/java-7-openjdk-amd64/jre/lib/amd64/libzip.so
7f1828772000-7f1828971000 ---p 00008000 08:03 1455631                    /usr/lib/jvm/java-7-openjdk-amd64/jre/lib/amd64/libzip.so
7f1828971000-7f1828972000 r--p 00007000 08:03 1455631                    /usr/lib/jvm/java-7-openjdk-amd64/jre/lib/amd64/libzip.so
7f1828972000-7f1828973000 rw-p 00008000 08:03 1455631                    /usr/lib/jvm/java-7-openjdk-amd64/jre/lib/amd64/libzip.so
7f1828973000-7f182897f000 r-xp 00000000 08:03 1450634                    /lib/x86_64-linux-gnu/libnss_files-2.15.so
7f182897f000-7f1828b7e000 ---p 0000c000 08:03 1450634                    /lib/x86_64-linux-gnu/libnss_files-2.15.so
7f1828b7e000-7f1828b7f000 r--p 0000b000 08:03 1450634                    /lib/x86_64-linux-gnu/libnss_files-2.15.so
7f1828b7f000-7f1828b80000 rw-p 0000c000 08:03 1450634                    /lib/x86_64-linux-gnu/libnss_files-2.15.so
7f1828b80000-7f1828b8a000 r-xp 00000000 08:03 1450638                    /lib/x86_64-linux-gnu/libnss_nis-2.15.so
7f1828b8a000-7f1828d8a000 ---p 0000a000 08:03 1450638                    /lib/x86_64-linux-gnu/libnss_nis-2.15.so
7f1828d8a000-7f1828d8b000 r--p 0000a000 08:03 1450638                    /lib/x86_64-linux-gnu/libnss_nis-2.15.so
7f1828d8b000-7f1828d8c000 rw-p 0000b000 08:03 1450638                    /lib/x86_64-linux-gnu/libnss_nis-2.15.so
7f1828d8c000-7f1828da3000 r-xp 00000000 08:03 1450650                    /lib/x86_64-linux-gnu/libnsl-2.15.so
7f1828da3000-7f1828fa2000 ---p 00017000 08:03 1450650                    /lib/x86_64-linux-gnu/libnsl-2.15.so
7f1828fa2000-7f1828fa3000 r--p 00016000 08:03 1450650                    /lib/x86_64-linux-gnu/libnsl-2.15.so
7f1828fa3000-7f1828fa4000 rw-p 00017000 08:03 1450650                    /lib/x86_64-linux-gnu/libnsl-2.15.so
7f1828fa4000-7f1828fa6000 rw-p 00000000 00:00 0 
7f1828fa6000-7f1828fae000 r-xp 00000000 08:03 1450632                    /lib/x86_64-linux-gnu/libnss_compat-2.15.so
7f1828fae000-7f18291ad000 ---p 00008000 08:03 1450632                    /lib/x86_64-linux-gnu/libnss_compat-2.15.so
7f18291ad000-7f18291ae000 r--p 00007000 08:03 1450632                    /lib/x86_64-linux-gnu/libnss_compat-2.15.so
7f18291ae000-7f18291af000 rw-p 00008000 08:03 1450632                    /lib/x86_64-linux-gnu/libnss_compat-2.15.so
7f18291af000-7f18296dd000 r--p 00000000 08:03 1314853                    /usr/lib/locale/locale-archive
7f18296dd000-7f18296e0000 r-xp 00000000 08:03 1455661                    /usr/lib/jvm/java-7-openjdk-amd64/jre/lib/amd64/libnpt.so
7f18296e0000-7f18298df000 ---p 00003000 08:03 1455661                    /usr/lib/jvm/java-7-openjdk-amd64/jre/lib/amd64/libnpt.so
7f18298df000-7f18298e0000 r--p 00002000 08:03 1455661                    /usr/lib/jvm/java-7-openjdk-amd64/jre/lib/amd64/libnpt.so
7f18298e0000-7f18298e1000 rw-p 00003000 08:03 1455661                    /usr/lib/jvm/java-7-openjdk-amd64/jre/lib/amd64/libnpt.so
7f18298e1000-7f182991b000 r-xp 00000000 08:03 1455647                    /usr/lib/jvm/java-7-openjdk-amd64/jre/lib/amd64/libjdwp.so
7f182991b000-7f1829b1b000 ---p 0003a000 08:03 1455647                    /usr/lib/jvm/java-7-openjdk-amd64/jre/lib/amd64/libjdwp.so
7f1829b1b000-7f1829b1c000 r--p 0003a000 08:03 1455647                    /usr/lib/jvm/java-7-openjdk-amd64/jre/lib/amd64/libjdwp.so
7f1829b1c000-7f1829b1d000 rw-p 0003b000 08:03 1455647                    /usr/lib/jvm/java-7-openjdk-amd64/jre/lib/amd64/libjdwp.so
7f1829b1d000-7f1829b46000 r-xp 00000000 08:03 1455627                    /usr/lib/jvm/java-7-openjdk-amd64/jre/lib/amd64/libjava.so
7f1829b46000-7f1829d45000 ---p 00029000 08:03 1455627                    /usr/lib/jvm/java-7-openjdk-amd64/jre/lib/amd64/libjava.so
7f1829d45000-7f1829d46000 r--p 00028000 08:03 1455627                    /usr/lib/jvm/java-7-openjdk-amd64/jre/lib/amd64/libjava.so
7f1829d46000-7f1829d48000 rw-p 00029000 08:03 1455627                    /usr/lib/jvm/java-7-openjdk-amd64/jre/lib/amd64/libjava.so
7f1829d48000-7f1829d56000 r-xp 00000000 08:03 1455660                    /usr/lib/jvm/java-7-openjdk-amd64/jre/lib/amd64/libverify.so
7f1829d56000-7f1829f55000 ---p 0000e000 08:03 1455660                    /usr/lib/jvm/java-7-openjdk-amd64/jre/lib/amd64/libverify.so
7f1829f55000-7f1829f57000 r--p 0000d000 08:03 1455660                    /usr/lib/jvm/java-7-openjdk-amd64/jre/lib/amd64/libverify.so
7f1829f57000-7f1829f58000 rw-p 0000f000 08:03 1455660                    /usr/lib/jvm/java-7-openjdk-amd64/jre/lib/amd64/libverify.so
7f1829f58000-7f1829f5f000 r-xp 00000000 08:03 1450637                    /lib/x86_64-linux-gnu/librt-2.15.so
7f1829f5f000-7f182a15e000 ---p 00007000 08:03 1450637                    /lib/x86_64-linux-gnu/librt-2.15.so
7f182a15e000-7f182a15f000 r--p 00006000 08:03 1450637                    /lib/x86_64-linux-gnu/librt-2.15.so
7f182a15f000-7f182a160000 rw-p 00007000 08:03 1450637                    /lib/x86_64-linux-gnu/librt-2.15.so
7f182a160000-7f182a175000 r-xp 00000000 08:03 1445659                    /lib/x86_64-linux-gnu/libgcc_s.so.1
7f182a175000-7f182a374000 ---p 00015000 08:03 1445659                    /lib/x86_64-linux-gnu/libgcc_s.so.1
7f182a374000-7f182a375000 r--p 00014000 08:03 1445659                    /lib/x86_64-linux-gnu/libgcc_s.so.1
7f182a375000-7f182a376000 rw-p 00015000 08:03 1445659                    /lib/x86_64-linux-gnu/libgcc_s.so.1
7f182a376000-7f182a471000 r-xp 00000000 08:03 1450641                    /lib/x86_64-linux-gnu/libm-2.15.so
7f182a471000-7f182a670000 ---p 000fb000 08:03 1450641                    /lib/x86_64-linux-gnu/libm-2.15.so
7f182a670000-7f182a671000 r--p 000fa000 08:03 1450641                    /lib/x86_64-linux-gnu/libm-2.15.so
7f182a671000-7f182a672000 rw-p 000fb000 08:03 1450641                    /lib/x86_64-linux-gnu/libm-2.15.so
7f182a672000-7f182a754000 r-xp 00000000 08:03 1319462                    /usr/lib/x86_64-linux-gnu/libstdc++.so.6.0.16
7f182a754000-7f182a953000 ---p 000e2000 08:03 1319462                    /usr/lib/x86_64-linux-gnu/libstdc++.so.6.0.16
7f182a953000-7f182a95b000 r--p 000e1000 08:03 1319462                    /usr/lib/x86_64-linux-gnu/libstdc++.so.6.0.16
7f182a95b000-7f182a95d000 rw-p 000e9000 08:03 1319462                    /usr/lib/x86_64-linux-gnu/libstdc++.so.6.0.16
7f182a95d000-7f182a972000 rw-p 00000000 00:00 0 
7f182a972000-7f182b42d000 r-xp 00000000 08:03 1455642                    /usr/lib/jvm/java-7-openjdk-amd64/jre/lib/amd64/server/libjvm.so
7f182b42d000-7f182b62d000 ---p 00abb000 08:03 1455642                    /usr/lib/jvm/java-7-openjdk-amd64/jre/lib/amd64/server/libjvm.so
7f182b62d000-7f182b6c5000 r--p 00abb000 08:03 1455642                    /usr/lib/jvm/java-7-openjdk-amd64/jre/lib/amd64/server/libjvm.so
7f182b6c5000-7f182b6e8000 rw-p 00b53000 08:03 1455642                    /usr/lib/jvm/java-7-openjdk-amd64/jre/lib/amd64/server/libjvm.so
7f182b6e8000-7f182b715000 rw-p 00000000 00:00 0 
7f182b715000-7f182b72b000 r-xp 00000000 08:03 1445749                    /lib/x86_64-linux-gnu/libz.so.1.2.3.4
7f182b72b000-7f182b92a000 ---p 00016000 08:03 1445749                    /lib/x86_64-linux-gnu/libz.so.1.2.3.4
7f182b92a000-7f182b92b000 r--p 00015000 08:03 1445749                    /lib/x86_64-linux-gnu/libz.so.1.2.3.4
7f182b92b000-7f182b92c000 rw-p 00016000 08:03 1445749                    /lib/x86_64-linux-gnu/libz.so.1.2.3.4
7f182b92c000-7f182b944000 r-xp 00000000 08:03 1450639                    /lib/x86_64-linux-gnu/libpthread-2.15.so
7f182b944000-7f182bb43000 ---p 00018000 08:03 1450639                    /lib/x86_64-linux-gnu/libpthread-2.15.so
7f182bb43000-7f182bb44000 r--p 00017000 08:03 1450639                    /lib/x86_64-linux-gnu/libpthread-2.15.so
7f182bb44000-7f182bb45000 rw-p 00018000 08:03 1450639                    /lib/x86_64-linux-gnu/libpthread-2.15.so
7f182bb45000-7f182bb49000 rw-p 00000000 00:00 0 
7f182bb49000-7f182bb4b000 r-xp 00000000 08:03 1450645                    /lib/x86_64-linux-gnu/libdl-2.15.so
7f182bb4b000-7f182bd4b000 ---p 00002000 08:03 1450645                    /lib/x86_64-linux-gnu/libdl-2.15.so
7f182bd4b000-7f182bd4c000 r--p 00002000 08:03 1450645                    /lib/x86_64-linux-gnu/libdl-2.15.so
7f182bd4c000-7f182bd4d000 rw-p 00003000 08:03 1450645                    /lib/x86_64-linux-gnu/libdl-2.15.so
7f182bd4d000-7f182bf02000 r-xp 00000000 08:03 1450630                    /lib/x86_64-linux-gnu/libc-2.15.so
7f182bf02000-7f182c102000 ---p 001b5000 08:03 1450630                    /lib/x86_64-linux-gnu/libc-2.15.so
7f182c102000-7f182c106000 r--p 001b5000 08:03 1450630                    /lib/x86_64-linux-gnu/libc-2.15.so
7f182c106000-7f182c108000 rw-p 001b9000 08:03 1450630                    /lib/x86_64-linux-gnu/libc-2.15.so
7f182c108000-7f182c10d000 rw-p 00000000 00:00 0 
7f182c10d000-7f182c11a000 r-xp 00000000 08:03 1455653                    /usr/lib/jvm/java-7-openjdk-amd64/jre/lib/amd64/jli/libjli.so
7f182c11a000-7f182c319000 ---p 0000d000 08:03 1455653                    /usr/lib/jvm/java-7-openjdk-amd64/jre/lib/amd64/jli/libjli.so
7f182c319000-7f182c31a000 r--p 0000c000 08:03 1455653                    /usr/lib/jvm/java-7-openjdk-amd64/jre/lib/amd64/jli/libjli.so
7f182c31a000-7f182c31b000 rw-p 0000d000 08:03 1455653                    /usr/lib/jvm/java-7-openjdk-amd64/jre/lib/amd64/jli/libjli.so
7f182c31b000-7f182c33d000 r-xp 00000000 08:03 1450642                    /lib/x86_64-linux-gnu/ld-2.15.so
7f182c33e000-7f182c341000 r--s 00032000 08:03 1455589                    /usr/lib/jvm/java-7-openjdk-amd64/jre/lib/ext/sunjce_provider.jar
7f182c341000-7f182c345000 r--s 0003b000 08:03 1455591                    /usr/lib/jvm/java-7-openjdk-amd64/jre/lib/ext/sunpkcs11.jar
7f182c345000-7f182c346000 r--s 00002000 08:03 1455592                    /usr/lib/jvm/java-7-openjdk-amd64/jre/lib/ext/dnsns.jar
7f182c346000-7f182c348000 r--s 0000f000 08:03 1455587                    /usr/lib/jvm/java-7-openjdk-amd64/jre/lib/ext/pulse-java.jar
7f182c348000-7f182c34c000 r--s 00085000 08:03 1455590                    /usr/lib/jvm/java-7-openjdk-amd64/jre/lib/ext/localedata.jar
7f182c34c000-7f182c36d000 rw-p 00000000 00:00 0 
7f182c36d000-7f182c423000 rw-p 00000000 00:00 0 
7f182c423000-7f182c426000 ---p 00000000 00:00 0 
7f182c426000-7f182c52a000 rw-p 00000000 00:00 0 
7f182c52a000-7f182c531000 r--s 00000000 08:03 1574226                    /usr/lib/x86_64-linux-gnu/gconv/gconv-modules.cache
7f182c531000-7f182c539000 rw-s 00000000 08:03 150753                     /tmp/hsperfdata_svetla/13757
7f182c539000-7f182c53a000 rw-p 00000000 00:00 0 
7f182c53a000-7f182c53b000 r--p 00000000 00:00 0 
7f182c53b000-7f182c53d000 rw-p 00000000 00:00 0 
7f182c53d000-7f182c53e000 r--p 00022000 08:03 1450642                    /lib/x86_64-linux-gnu/ld-2.15.so
7f182c53e000-7f182c540000 rw-p 00023000 08:03 1450642                    /lib/x86_64-linux-gnu/ld-2.15.so
7fff5e920000-7fff5e941000 rw-p 00000000 00:00 0                          [stack]
7fff5e9ff000-7fff5ea00000 r-xp 00000000 00:00 0                          [vdso]
ffffffffff600000-ffffffffff601000 r-xp 00000000 00:00 0                  [vsyscall]

VM Arguments:
jvm_args: -agentlib:jdwp=transport=dt_socket,suspend=y,address=localhost:59756 -Dfile.encoding=UTF-8 
java_command: org.eclipse.jdt.internal.junit.runner.RemoteTestRunner -version 3 -port 53483 -testLoaderClass org.eclipse.jdt.internal.junit4.runner.JUnit4TestLoader -loaderpluginname org.eclipse.jdt.junit4.runtime -classNames com.hackbulgaria.corejava.FaultyProblem4Test
Launcher Type: SUN_STANDARD

Environment Variables:
PATH=/usr/lib/lightdm/lightdm:/usr/local/sbin:/usr/local/bin:/usr/sbin:/usr/bin:/sbin:/bin:/usr/games
SHELL=/bin/bash
DISPLAY=:0

Signal Handlers:
SIGSEGV: [libjvm.so+0x8f6cc0], sa_mask[0]=0x7ffbfeff, sa_flags=0x10000004
SIGBUS: [libjvm.so+0x8f6cc0], sa_mask[0]=0x7ffbfeff, sa_flags=0x10000004
SIGFPE: [libjvm.so+0x77ae40], sa_mask[0]=0x7ffbfeff, sa_flags=0x10000004
SIGPIPE: [libjvm.so+0x77ae40], sa_mask[0]=0x7ffbfeff, sa_flags=0x10000004
SIGXFSZ: [libjvm.so+0x77ae40], sa_mask[0]=0x7ffbfeff, sa_flags=0x10000004
SIGILL: [libjvm.so+0x77ae40], sa_mask[0]=0x7ffbfeff, sa_flags=0x10000004
SIGUSR1: SIG_DFL, sa_mask[0]=0x00000000, sa_flags=0x00000000
SIGUSR2: [libjvm.so+0x77afd0], sa_mask[0]=0x00000004, sa_flags=0x10000004
SIGHUP: [libjvm.so+0x77b140], sa_mask[0]=0x7ffbfeff, sa_flags=0x10000004
SIGINT: [libjvm.so+0x77b140], sa_mask[0]=0x7ffbfeff, sa_flags=0x10000004
SIGTERM: [libjvm.so+0x77b140], sa_mask[0]=0x7ffbfeff, sa_flags=0x10000004
SIGQUIT: [libjvm.so+0x77b140], sa_mask[0]=0x7ffbfeff, sa_flags=0x10000004


---------------  S Y S T E M  ---------------

OS:"elementary OS" 0.2 (luna)
uname:Linux 3.2.0-63-generic #95-Ubuntu SMP Thu May 15 23:05:57 UTC 2014 x86_64
libc:glibc 2.15 NPTL 2.15 
rlimit: STACK 8192k, CORE 0k, NPROC 31443, NOFILE 4096, AS infinity
load average:0.19 1.21 1.44

/proc/meminfo:
MemTotal:        4048264 kB
MemFree:         1712400 kB
Buffers:           83944 kB
Cached:           908456 kB
SwapCached:            0 kB
Active:          1513992 kB
Inactive:         622576 kB
Active(anon):    1144924 kB
Inactive(anon):    15888 kB
Active(file):     369068 kB
Inactive(file):   606688 kB
Unevictable:          16 kB
Mlocked:              16 kB
SwapTotal:             0 kB
SwapFree:              0 kB
Dirty:                44 kB
Writeback:             0 kB
AnonPages:       1144256 kB
Mapped:           171688 kB
Shmem:             16644 kB
Slab:              74588 kB
SReclaimable:      47252 kB
SUnreclaim:        27336 kB
KernelStack:        3864 kB
PageTables:        32916 kB
NFS_Unstable:          0 kB
Bounce:                0 kB
WritebackTmp:          0 kB
CommitLimit:     2024132 kB
Committed_AS:    3599256 kB
VmallocTotal:   34359738367 kB
VmallocUsed:      130728 kB
VmallocChunk:   34359598140 kB
HardwareCorrupted:     0 kB
AnonHugePages:         0 kB
HugePages_Total:       0
HugePages_Free:        0
HugePages_Rsvd:        0
HugePages_Surp:        0
Hugepagesize:       2048 kB
DirectMap4k:       47532 kB
DirectMap2M:     4145152 kB


CPU:total 2 (2 cores per cpu, 1 threads per core) family 6 model 15 stepping 13, cmov, cx8, fxsr, mmx, sse, sse2, sse3, ssse3, tsc

/proc/cpuinfo:
processor	: 0
vendor_id	: GenuineIntel
cpu family	: 6
model		: 15
model name	: Intel(R) Core(TM)2 Duo CPU     T5250  @ 1.50GHz
stepping	: 13
microcode	: 0xa3
cpu MHz		: 1500.000
cache size	: 2048 KB
physical id	: 0
siblings	: 2
core id		: 0
cpu cores	: 2
apicid		: 0
initial apicid	: 0
fpu		: yes
fpu_exception	: yes
cpuid level	: 10
wp		: yes
flags		: fpu vme de pse tsc msr pae mce cx8 apic sep mtrr pge mca cmov pat pse36 clflush dts acpi mmx fxsr sse sse2 ss ht tm pbe syscall nx lm constant_tsc arch_perfmon pebs bts rep_good nopl aperfmperf pni dtes64 monitor ds_cpl est tm2 ssse3 cx16 xtpr pdcm lahf_lm dtherm
bogomips	: 2992.26
clflush size	: 64
cache_alignment	: 64
address sizes	: 36 bits physical, 48 bits virtual
power management:

processor	: 1
vendor_id	: GenuineIntel
cpu family	: 6
model		: 15
model name	: Intel(R) Core(TM)2 Duo CPU     T5250  @ 1.50GHz
stepping	: 13
microcode	: 0xa3
cpu MHz		: 1500.000
cache size	: 2048 KB
physical id	: 0
siblings	: 2
core id		: 1
cpu cores	: 2
apicid		: 1
initial apicid	: 1
fpu		: yes
fpu_exception	: yes
cpuid level	: 10
wp		: yes
flags		: fpu vme de pse tsc msr pae mce cx8 apic sep mtrr pge mca cmov pat pse36 clflush dts acpi mmx fxsr sse sse2 ss ht tm pbe syscall nx lm constant_tsc arch_perfmon pebs bts rep_good nopl aperfmperf pni dtes64 monitor ds_cpl est tm2 ssse3 cx16 xtpr pdcm lahf_lm dtherm
bogomips	: 2992.52
clflush size	: 64
cache_alignment	: 64
address sizes	: 36 bits physical, 48 bits virtual
power management:



Memory: 4k page, physical 4048264k(1712400k free), swap 0k(0k free)

vm_info: OpenJDK 64-Bit Server VM (24.51-b03) for linux-amd64 JRE (1.7.0_55-b14), built on Apr 25 2014 13:32:38 by "buildd" with gcc 4.6.3

time: Sat May 31 21:49:39 2014
elapsed time: 35 seconds

